\BOOKMARK [1][-]{section.1}{Introduction}{}% 1
\BOOKMARK [2][-]{subsection.1.1}{Active-SLAM \046 Exploration}{section.1}% 2
\BOOKMARK [2][-]{subsection.1.2}{Problem Statement}{section.1}% 3
\BOOKMARK [2][-]{subsection.1.3}{The main contribution to the field of Artificial Intelligence}{section.1}% 4
\BOOKMARK [1][-]{section.2}{Bayesian State Space Estimation}{}% 5
\BOOKMARK [2][-]{subsection.2.1}{EKF-SLAM}{section.2}% 6
\BOOKMARK [2][-]{subsection.2.2}{Histogram-SLAM}{section.2}% 7
\BOOKMARK [1][-]{section.3}{Measurement Likelihood Memory Filter}{}% 8
\BOOKMARK [2][-]{subsection.3.1}{Evidence and marginals}{section.3}% 9
\BOOKMARK [3][-]{subsubsection.3.1.1}{Evidence}{subsection.3.1}% 10
\BOOKMARK [3][-]{subsubsection.3.1.2}{Marginals}{subsection.3.1}% 11
\BOOKMARK [1][-]{section.4}{Space \046 time complexity}{}% 12
\BOOKMARK [2][-]{subsection.4.1}{Space complexity}{section.4}% 13
\BOOKMARK [2][-]{subsection.4.2}{Time complexity}{section.4}% 14
\BOOKMARK [1][-]{section.5}{Scalable extension to multiple objects}{}% 15
\BOOKMARK [1][-]{section.6}{Evaluation}{}% 16
\BOOKMARK [2][-]{subsection.6.1}{Evaluation of time complexity}{section.6}% 17
\BOOKMARK [2][-]{subsection.6.2}{Evaluation of the independence assumption}{section.6}% 18
\BOOKMARK [2][-]{subsection.6.3}{Evaluation of memory}{section.6}% 19
\BOOKMARK [1][-]{section.7}{Conclusion}{}% 20
\BOOKMARK [1][-]{section.8}{Appendix}{}% 21
\BOOKMARK [2][-]{subsection.8.1}{Tables}{section.8}% 22
\BOOKMARK [2][-]{subsection.8.2}{MLMF Algorithm}{section.8}% 23
\BOOKMARK [2][-]{subsection.8.3}{Scalabe-MLMF Algorithm}{section.8}% 24
\BOOKMARK [2][-]{subsection.8.4}{Recursion example}{section.8}% 25
\BOOKMARK [2][-]{subsection.8.5}{Derivation of the evidence}{section.8}% 26
\BOOKMARK [2][-]{subsection.8.6}{Derivation of the marginal}{section.8}% 27
